<?xml version="1.0" encoding="UTF-8"?>
<testng-results skipped="0" failed="0" ignored="0" total="1" passed="1">
  <reporter-output>
  </reporter-output>
  <suite name="All Test Suite" duration-ms="11714" started-at="2021-04-08T15:20:23 COT" finished-at="2021-04-08T15:20:34 COT">
    <groups>
    </groups>
    <test name="D:/Trabajo/automationPractice" duration-ms="11714" started-at="2021-04-08T15:20:23 COT" finished-at="2021-04-08T15:20:34 COT">
      <class name="dummyTest">
        <test-method status="PASS" signature="setUpDriver()[pri:0, instance:dummyTest@13b6aecc]" name="setUpDriver" is-config="true" duration-ms="1810" started-at="2021-04-08T15:20:23 COT" finished-at="2021-04-08T15:20:24 COT">
          <reporter-output>
          </reporter-output>
        </test-method> <!-- setUpDriver -->
        <test-method status="PASS" signature="basePageNavigation()[pri:0, instance:dummyTest@13b6aecc]" name="basePageNavigation" duration-ms="8937" started-at="2021-04-08T15:20:24 COT" finished-at="2021-04-08T15:20:33 COT">
          <reporter-output>
          </reporter-output>
        </test-method> <!-- basePageNavigation -->
        <test-method status="PASS" signature="quitDriver()[pri:0, instance:dummyTest@13b6aecc]" name="quitDriver" is-config="true" duration-ms="944" started-at="2021-04-08T15:20:33 COT" finished-at="2021-04-08T15:20:34 COT">
          <reporter-output>
          </reporter-output>
        </test-method> <!-- quitDriver -->
      </class> <!-- dummyTest -->
    </test> <!-- D:/Trabajo/automationPractice -->
  </suite> <!-- All Test Suite -->
</testng-results>
